#
# A fatal error has been detected by the Java Runtime Environment:
#
#  SIGBUS (0x7) at pc=0x00007f61963b8256, pid=4211, tid=0x00007f6195e27640
#
# JRE version: OpenJDK Runtime Environment (8.0_302-b07) (build 1.8.0_302-b07)
# Java VM: OpenJDK 64-Bit Server VM GraalVM CE 21.2.0 (25.302-b07-jvmci-21.2-b08 mixed mode linux-amd64 compressed oops)
# Problematic frame:
# V  [libjvm.so+0x44f256]  ClassFileParser::parse_method(bool, AccessFlags*, Thread*)+0x7e6
#
# Core dump written. Default location: /home/runner/eaglercraft-server/java/bukkit_command/core or core.4211
#
# If you would like to submit a bug report, please visit:
#   https://github.com/oracle/graal/issues
#

---------------  T H R E A D  ---------------

Current thread (0x00007f619000a800):  JavaThread "main" [_thread_in_vm, id=4214, stack(0x00007f6195d28000,0x00007f6195e28000)]

siginfo: si_signo: 7 (SIGBUS), si_code: 2 (BUS_ADRERR), si_addr: 0x00007f61958be9b8

Registers:
RAX=0x0000000000000058, RBX=0x00007f6147d509f0, RCX=0x000000000000000b, RDX=0x00007f61958be9b8
RSP=0x00007f6195e246b0, RBP=0x00007f6195e248f0, RSI=0x00007f6147d509b0, RDI=0x00007f6147d509f0
R8 =0x00007f619000a800, R9 =0x00007f619000a800, R10=0x00007f6147d509b0, R11=0x0000000000000045
R12=0x0000000000000004, R13=0x00007f6195e24e40, R14=0x00007f619000a800, R15=0x00007f6195e24940
RIP=0x00007f61963b8256, EFLAGS=0x0000000000010202, CSGSFS=0x002b000000000033, ERR=0x0000000000000007
  TRAPNO=0x000000000000000e

Top of Stack: (sp=0x00007f6195e246b0)
0x00007f6195e246b0:   00007f6195e24770 00007f619000a800
0x00007f6195e246c0:   0045000000000000 00007f6195e247f4
0x00007f6195e246d0:   00007f6195e24804 0000000000000000
0x00007f6195e246e0:   0000000000000000 0000000000000000
0x00007f6195e246f0:   0000000000000000 0000000000000000
0x00007f6195e24700:   0000000000000000 0000000000000000
0x00007f6195e24710:   0000000000000000 0000000000000000
0x00007f6195e24720:   0000000000000000 0000000000000000
0x00007f6195e24730:   0000000000000000 0000000000000000
0x00007f6195e24740:   0000000000000230 0000000000000000
0x00007f6195e24750:   0000000001000001 0000000000000000
0x00007f6195e24760:   00007f61948f1730 00007f6190021b70
0x00007f6195e24770:   00007f6195e247c0 ffffffff00000001
0x00007f6195e24780:   00007f6195e247f8 00007f61642b74c9
0x00007f6195e24790:   0100000000000000 000000000000000b
0x00007f6195e247a0:   00007f619000a800 00007f6190021b10
0x00007f6195e247b0:   0001004600000000 00007f6197075000
0x00007f6195e247c0:   0000001d00000000 00007f6100000045
0x00007f6195e247d0:   00007f61948efb40 0000000100000005
0x00007f6195e247e0:   00007f6195e24a94 00007f6100000000
0x00007f6195e247f0:   0000000100000024 00007f61642b7970
0x00007f6195e24800:   000000019000a800 0000000000000000
0x00007f6195e24810:   0000000000000000 0000000000000000
0x00007f6195e24820:   0000002495e24880 0000000000000030
0x00007f6195e24830:   00007f619000c5d0 00007f61642b6700
0x00007f6195e24840:   00007f61642b7970 00007f61642be6e8
0x00007f6195e24850:   00000000000083b0 00007f61968eb589
0x00007f6195e24860:   00007f6195e248ba 00007f6195e248b9
0x00007f6195e24870:   000000d295e248b0 000000000000001a
0x00007f6195e24880:   00007f619000a800 00007f6190021b10
0x00007f6195e24890:   0000000400000000 0000000000000000
0x00007f6195e248a0:   0000000000000000 0000000000000000 

Instructions: (pc=0x00007f61963b8256)
0x00007f61963b8236:   00 44 8b 9d d8 fe ff ff c1 e0 03 80 3a 00 74 13
0x00007f61963b8246:   48 8b 15 f3 fa c7 00 48 98 48 8b 12 48 8b 52 28
0x00007f61963b8256:   48 01 02 49 8b 55 50 48 8b 43 08 0f b7 bd c4 fe
0x00007f61963b8266:   ff ff 48 89 50 08 48 8b 43 08 66 44 89 58 22 48 

Register to memory mapping:

RAX=0x0000000000000058 is an unknown value
RBX={method} {0x00007f6147d509f0} 