2022-11-27 17:31:03 [INFO] Starting minecraft server version 1.5.2
2022-11-27 17:31:03 [WARNING] To start the server with more ram, launch it as "java -Xmx1024M -Xms1024M -jar minecraft_server.jar"
2022-11-27 17:31:03 [INFO] Loading properties
2022-11-27 17:31:03 [INFO] Default game type: SURVIVAL
2022-11-27 17:31:03 [INFO] Generating keypair
2022-11-27 17:31:04 [INFO] Starting Minecraft server on 127.0.0.1:25569
2022-11-27 17:31:05 [INFO] This server is running CraftBukkit version git-Bukkit-1.5.2-R1.0-b2788jnks (MC: 1.5.2) (Implementing API version 1.5.2-R1.0)
2022-11-27 17:31:05 [INFO] [[EaglerPluginInstaller]] Loading EaglerPluginInstaller v1.1.4
2022-11-27 17:31:05 [INFO] [AutoSaver] Loading AutoSaver v2.5
2022-11-27 17:31:05 [INFO] [[EaglerPluginUpdater]] Loading EaglerPluginUpdater v1.1.2
2022-11-27 17:31:05 [WARNING] **** SERVER IS RUNNING IN OFFLINE/INSECURE MODE!
2022-11-27 17:31:05 [WARNING] The server will make no attempt to authenticate usernames. Beware.
2022-11-27 17:31:05 [WARNING] While this makes the game possible to play without internet access, it also opens up the ability for hackers to connect with any username they choose.
2022-11-27 17:31:05 [WARNING] To change this, set "online-mode" to "true" in the server.properties file.
2022-11-27 17:31:05 [SEVERE] Exception in thread "Thread-6" 
2022-11-27 17:31:05 [SEVERE] org.bukkit.craftbukkit.libs.com.google.gson.JsonSyntaxException: java.lang.IllegalStateException: Expected BEGIN_OBJECT but was STRING at line 1 column 7
2022-11-27 17:31:05 [SEVERE] 	at org.bukkit.craftbukkit.libs.com.google.gson.internal.bind.ReflectiveTypeAdapterFactory$Adapter.read(ReflectiveTypeAdapterFactory.java:180)
2022-11-27 17:31:05 [SEVERE] 	at org.bukkit.craftbukkit.libs.com.google.gson.Gson.fromJson(Gson.java:755)
2022-11-27 17:31:05 [SEVERE] 	at org.bukkit.craftbukkit.libs.com.google.gson.Gson.fromJson(Gson.java:694)
2022-11-27 17:31:05 [SEVERE] 	at org.bukkit.craftbukkit.v1_5_R3.updater.BukkitDLUpdaterService.fetchArtifact(BukkitDLUpdaterService.java:51)
2022-11-27 17:31:06 [INFO] Preparing level "world"
2022-11-27 17:31:06 [SEVERE] 	at org.bukkit.craftbukkit.v1_5_R3.updater.BukkitDLUpdaterService.getArtifact(BukkitDLUpdaterService.java:28)
2022-11-27 17:31:06 [SEVERE] 	at org.bukkit.craftbukkit.v1_5_R3.updater.AutoUpdater$1.run(AutoUpdater.java:77)
2022-11-27 17:31:06 [SEVERE] Caused by: java.lang.IllegalStateException: Expected BEGIN_OBJECT but was STRING at line 1 column 7
2022-11-27 17:31:06 [SEVERE] 	at org.bukkit.craftbukkit.libs.com.google.gson.stream.JsonReader.expect(JsonReader.java:339)
2022-11-27 17:31:06 [SEVERE] 	at org.bukkit.craftbukkit.libs.com.google.gson.stream.JsonReader.beginObject(JsonReader.java:322)
2022-11-27 17:31:06 [SEVERE] 	at org.bukkit.craftbukkit.libs.com.google.gson.internal.bind.ReflectiveTypeAdapterFactory$Adapter.read(ReflectiveTypeAdapterFactory.java:168)
2022-11-27 17:31:06 [SEVERE] 	... 5 more
2022-11-27 17:31:06 [INFO] Preparing start region for level 0 (Seed: -7569906358115633324)
2022-11-27 17:31:07 [INFO] Preparing spawn area: 4%
2022-11-27 17:31:09 [INFO] Preparing spawn area: 4%
2022-11-27 17:31:10 [INFO] Preparing spawn area: 8%
2022-11-27 17:31:11 [INFO] Preparing spawn area: 8%
2022-11-27 17:31:12 [INFO] Preparing spawn area: 12%
2022-11-27 17:31:13 [INFO] Preparing spawn area: 16%
2022-11-27 17:31:14 [INFO] Preparing spawn area: 20%
2022-11-27 17:31:15 [INFO] Preparing spawn area: 24%
2022-11-27 17:31:16 [INFO] Preparing spawn area: 28%
2022-11-27 17:31:17 [INFO] Preparing spawn area: 29%
2022-11-27 17:31:18 [INFO] Preparing spawn area: 33%
2022-11-27 17:31:19 [INFO] Preparing spawn area: 37%
2022-11-27 17:31:20 [INFO] Preparing spawn area: 41%
2022-11-27 17:31:21 [INFO] Preparing spawn area: 45%
2022-11-27 17:31:22 [INFO] Preparing spawn area: 53%
2022-11-27 17:31:23 [INFO] Preparing spawn area: 58%
2022-11-27 17:31:24 [INFO] Preparing spawn area: 62%
2022-11-27 17:31:25 [INFO] Preparing spawn area: 66%
2022-11-27 17:31:26 [INFO] Preparing spawn area: 70%
2022-11-27 17:31:27 [INFO] Preparing spawn area: 74%
2022-11-27 17:31:28 [INFO] Preparing spawn area: 78%
2022-11-27 17:31:29 [INFO] Preparing spawn area: 87%
2022-11-27 17:31:30 [INFO] Preparing spawn area: 91%
2022-11-27 17:31:31 [INFO] Preparing spawn area: 95%
2022-11-27 17:31:32 [INFO] Preparing spawn area: 95%
2022-11-27 17:31:33 [INFO] Preparing start region for level 1 (Seed: -7569906358115633324)
2022-11-27 17:31:34 [INFO] Preparing spawn area: 0%
2022-11-27 17:31:35 [INFO] Preparing spawn area: 4%
2022-11-27 17:31:36 [INFO] Preparing spawn area: 8%
2022-11-27 17:31:37 [INFO] Preparing spawn area: 12%
2022-11-27 17:31:38 [INFO] Preparing spawn area: 16%
2022-11-27 17:31:39 [INFO] Preparing spawn area: 20%
2022-11-27 17:31:40 [INFO] Preparing spawn area: 28%
2022-11-27 17:31:41 [INFO] Preparing spawn area: 33%
2022-11-27 17:31:42 [INFO] Preparing spawn area: 37%
2022-11-27 17:31:43 [INFO] Preparing spawn area: 45%
2022-11-27 17:31:44 [INFO] Preparing spawn area: 53%
2022-11-27 17:31:45 [INFO] Preparing spawn area: 62%
2022-11-27 17:31:46 [INFO] Preparing spawn area: 70%
2022-11-27 17:31:47 [INFO] Preparing spawn area: 83%
2022-11-27 17:31:48 [INFO] Preparing spawn area: 91%
2022-11-27 17:31:49 [INFO] Preparing start region for level 2 (Seed: -7569906358115633324)
2022-11-27 17:31:49 [INFO] Preparing spawn area: 0%
2022-11-27 17:31:50 [INFO] Preparing spawn area: 16%
2022-11-27 17:31:51 [INFO] Preparing spawn area: 29%
2022-11-27 17:31:53 [INFO] Preparing spawn area: 49%
2022-11-27 17:31:54 [INFO] Preparing spawn area: 58%
2022-11-27 17:31:55 [INFO] Preparing spawn area: 74%
2022-11-27 17:31:56 [INFO] [[EaglerPluginInstaller]] Enabling EaglerPluginInstaller v1.1.4
2022-11-27 17:31:56 [INFO] Check 1 passed
2022-11-27 17:31:58 [INFO] Check 3 passed
2022-11-27 17:31:58 [INFO] --------------------------------------------[m
2022-11-27 17:31:58 [INFO] --------------------------------------------[m
2022-11-27 17:31:58 [INFO] [0;32;1m[EaglerPluginInstaller][0;36;1m EaglerPluginInstaller V1.1.5 is now Enabled! :D[m
2022-11-27 17:31:58 [INFO] To use PluginInstaller, run the command "/install <pluginname>" ("install <pluginname>" in console) to install a plugin[m
2022-11-27 17:31:58 [INFO] To get a list of installable plugins, use the command "/plist" or "plist" in console[m
2022-11-27 17:31:58 [INFO] You can request to add a new plugin to the database by going to https://github.com/darverdevs/PluginInstallerRepo/tree/main[m
2022-11-27 17:31:58 [INFO] and creating an issue or pull request of the plugin you want to add[m
2022-11-27 17:31:58 [INFO] --------------------------------------------[m
2022-11-27 17:31:58 [INFO] --------------------------------------------[m
2022-11-27 17:31:58 [INFO] [AutoSaver] Enabling AutoSaver v2.5
2022-11-27 17:31:58 [INFO] [AutoSaver] [32m is enabled. [0m
2022-11-27 17:31:58 [INFO] [[EaglerPluginUpdater]] Enabling EaglerPluginUpdater v1.1.2
2022-11-27 17:31:58 [INFO] [[EaglerPluginInstaller]] Disabling EaglerPluginInstaller v1.1.4
2022-11-27 17:31:58 [INFO] --------------------------------------------[m
2022-11-27 17:31:58 [INFO] --------------------------------------------[m
2022-11-27 17:31:58 [INFO] [0;32;1m[EaglerPluginInstaller][0;36;1m PluginInstaller V1.1.5 is now Disabled! D:[m
2022-11-27 17:31:58 [INFO] --------------------------------------------[m
2022-11-27 17:31:58 [INFO] --------------------------------------------[m
2022-11-27 17:31:58 [INFO] [[EaglerPluginInstaller]] Enabling EaglerPluginInstaller v1.1.4
2022-11-27 17:31:58 [INFO] Check 1 passed
2022-11-27 17:31:59 [INFO] Check 3 passed
2022-11-27 17:31:59 [INFO] --------------------------------------------[m
2022-11-27 17:31:59 [INFO] --------------------------------------------[m
2022-11-27 17:31:59 [INFO] [0;32;1m[EaglerPluginInstaller][0;36;1m EaglerPluginInstaller V1.1.5 is now Enabled! :D[m
2022-11-27 17:31:59 [INFO] To use PluginInstaller, run the command "/install <pluginname>" ("install <pluginname>" in console) to install a plugin[m
2022-11-27 17:31:59 [INFO] To get a list of installable plugins, use the command "/plist" or "plist" in console[m
2022-11-27 17:31:59 [INFO] You can request to add a new plugin to the database by going to https://github.com/darverdevs/PluginInstallerRepo/tree/main[m
2022-11-27 17:31:59 [INFO] and creating an issue or pull request of the plugin you want to add[m
2022-11-27 17:31:59 [INFO] --------------------------------------------[m
2022-11-27 17:31:59 [INFO] --------------------------------------------[m
2022-11-27 17:31:59 [INFO] --------------------------------------------[m
2022-11-27 17:31:59 [INFO] --------------------------------------------[m
2022-11-27 17:31:59 [INFO] [0;32;1m[EaglerPluginUpdater][0;36;1m EaglerPluginUpdater V1.1.2 is now Enabled! :D[m
2022-11-27 17:31:59 [INFO] You do not need to do anything, this plugin will automatically update your PluginUpdater on startup[m
2022-11-27 17:31:59 [INFO] --------------------------------------------[m
2022-11-27 17:31:59 [INFO] --------------------------------------------[m
2022-11-27 17:31:59 [INFO] Server permissions file permissions.yml is empty, ignoring it
2022-11-27 17:31:59 [INFO] Done (53.314s)! For help, type "help" or "?"
2022-11-27 17:31:59 [INFO] Crash Loop Detector is Running! (30sec)
2022-11-27 17:31:59 [INFO] To increase, add "--crashTimeout [sec]" to the program's arguments
2022-11-27 17:32:03 [WARNING] Can't keep up! Did the system time change, or is the server overloaded?
2022-11-27 17:32:22 [WARNING] Can't keep up! Did the system time change, or is the server overloaded?
2022-11-27 17:37:03 [INFO] [AutoSaver] [32m world and player data has been saved. [0m
2022-11-27 17:37:45 [INFO] Stopping server
2022-11-27 17:38:00 [INFO] Starting minecraft server version 1.5.2
2022-11-27 17:38:00 [WARNING] To start the server with more ram, launch it as "java -Xmx1024M -Xms1024M -jar minecraft_server.jar"
2022-11-27 17:38:00 [INFO] Loading properties
2022-11-27 17:38:00 [INFO] Default game type: SURVIVAL
2022-11-27 17:38:00 [INFO] Generating keypair
2022-11-27 17:38:01 [INFO] Starting Minecraft server on 127.0.0.1:25569
2022-11-27 17:38:03 [INFO] This server is running CraftBukkit version git-Bukkit-1.5.2-R1.0-b2788jnks (MC: 1.5.2) (Implementing API version 1.5.2-R1.0)
2022-11-27 17:38:05 [INFO] [[EaglerPluginInstaller]] Loading EaglerPluginInstaller v1.1.4
2022-11-27 17:38:05 [INFO] [AutoSaver] Loading AutoSaver v2.5
2022-11-27 17:38:05 [INFO] [[EaglerPluginUpdater]] Loading EaglerPluginUpdater v1.1.2
2022-11-27 17:38:06 [SEVERE] Exception in thread "Thread-6" 
2022-11-27 17:38:06 [SEVERE] org.bukkit.craftbukkit.libs.com.google.gson.JsonSyntaxException: java.lang.IllegalStateException: Expected BEGIN_OBJECT but was STRING at line 1 column 7
2022-11-27 17:38:06 [SEVERE] 	at org.bukkit.craftbukkit.libs.com.google.gson.internal.bind.ReflectiveTypeAdapterFactory$Adapter.read(ReflectiveTypeAdapterFactory.java:180)
2022-11-27 17:38:06 [SEVERE] 	at org.bukkit.craftbukkit.libs.com.google.gson.Gson.fromJson(Gson.java:755)
2022-11-27 17:38:06 [SEVERE] 	at org.bukkit.craftbukkit.libs.com.google.gson.Gson.fromJson(Gson.java:694)
2022-11-27 17:38:06 [SEVERE] 	at org.bukkit.craftbukkit.v1_5_R3.updater.BukkitDLUpdaterService.fetchArtifact(BukkitDLUpdaterService.java:51)
2022-11-27 17:38:06 [SEVERE] 	at org.bukkit.craftbukkit.v1_5_R3.updater.BukkitDLUpdaterService.getArtifact(BukkitDLUpdaterService.java:28)
2022-11-27 17:38:06 [SEVERE] 	at org.bukkit.craftbukkit.v1_5_R3.updater.AutoUpdater$1.run(AutoUpdater.java:77)
2022-11-27 17:38:06 [SEVERE] Caused by: java.lang.IllegalStateException: Expected BEGIN_OBJECT but was STRING at line 1 column 7
2022-11-27 17:38:06 [SEVERE] 	at org.bukkit.craftbukkit.libs.com.google.gson.stream.JsonReader.expect(JsonReader.java:339)
2022-11-27 17:38:06 [SEVERE] 	at org.bukkit.craftbukkit.libs.com.google.gson.stream.JsonReader.beginObject(JsonReader.java:322)
2022-11-27 17:38:06 [WARNING] **** SERVER IS RUNNING IN OFFLINE/INSECURE MODE!
2022-11-27 17:38:06 [WARNING] The server will make no attempt to authenticate usernames. Beware.
2022-11-27 17:38:06 [WARNING] While this makes the game possible to play without internet access, it also opens up the ability for hackers to connect with any username they choose.
2022-11-27 17:38:06 [WARNING] To change this, set "online-mode" to "true" in the server.properties file.
2022-11-27 17:38:06 [SEVERE] 	at org.bukkit.craftbukkit.libs.com.google.gson.internal.bind.ReflectiveTypeAdapterFactory$Adapter.read(ReflectiveTypeAdapterFactory.java:168)
2022-11-27 17:38:06 [SEVERE] 	... 5 more
2022-11-27 17:38:06 [INFO] Preparing level "world"
2022-11-27 17:38:07 [INFO] Preparing start region for level 0 (Seed: -7569906358115633324)
2022-11-27 17:38:08 [INFO] Preparing spawn area: 0%
2022-11-27 17:38:09 [INFO] Preparing spawn area: 16%
2022-11-27 17:38:10 [INFO] Preparing spawn area: 62%
2022-11-27 17:38:11 [INFO] Preparing spawn area: 91%
2022-11-27 17:38:11 [INFO] Preparing start region for level 1 (Seed: -7569906358115633324)
2022-11-27 17:38:12 [INFO] Preparing spawn area: 37%
2022-11-27 17:38:13 [INFO] Preparing start region for level 2 (Seed: -7569906358115633324)
2022-11-27 17:38:13 [INFO] Preparing spawn area: 0%
2022-11-27 17:38:14 [INFO] [[EaglerPluginInstaller]] Enabling EaglerPluginInstaller v1.1.4
2022-11-27 17:38:14 [INFO] Check 1 passed
2022-11-27 17:38:16 [INFO] Check 3 passed
2022-11-27 17:38:16 [INFO] --------------------------------------------[m
2022-11-27 17:38:16 [INFO] --------------------------------------------[m
2022-11-27 17:38:16 [INFO] [0;32;1m[EaglerPluginInstaller][0;36;1m EaglerPluginInstaller V1.1.5 is now Enabled! :D[m
2022-11-27 17:38:16 [INFO] To use PluginInstaller, run the command "/install <pluginname>" ("install <pluginname>" in console) to install a plugin[m
2022-11-27 17:38:16 [INFO] To get a list of installable plugins, use the command "/plist" or "plist" in console[m
2022-11-27 17:38:16 [INFO] You can request to add a new plugin to the database by going to https://github.com/darverdevs/PluginInstallerRepo/tree/main[m
2022-11-27 17:38:16 [INFO] and creating an issue or pull request of the plugin you want to add[m
2022-11-27 17:38:16 [INFO] --------------------------------------------[m
2022-11-27 17:38:16 [INFO] --------------------------------------------[m
2022-11-27 17:38:16 [INFO] [AutoSaver] Enabling AutoSaver v2.5
2022-11-27 17:38:16 [INFO] [AutoSaver] [32m is enabled. [0m
2022-11-27 17:38:16 [INFO] [[EaglerPluginUpdater]] Enabling EaglerPluginUpdater v1.1.2
2022-11-27 17:38:16 [INFO] [[EaglerPluginInstaller]] Disabling EaglerPluginInstaller v1.1.4
2022-11-27 17:38:16 [INFO] --------------------------------------------[m
2022-11-27 17:38:16 [INFO] --------------------------------------------[m
2022-11-27 17:38:16 [INFO] [0;32;1m[EaglerPluginInstaller][0;36;1m PluginInstaller V1.1.5 is now Disabled! D:[m
2022-11-27 17:38:16 [INFO] --------------------------------------------[m
2022-11-27 17:38:16 [INFO] --------------------------------------------[m
2022-11-27 17:38:16 [INFO] [[EaglerPluginInstaller]] Enabling EaglerPluginInstaller v1.1.4
2022-11-27 17:38:16 [INFO] Check 1 passed
2022-11-27 17:38:16 [INFO] Check 3 passed
2022-11-27 17:38:16 [INFO] --------------------------------------------[m
2022-11-27 17:38:16 [INFO] --------------------------------------------[m
2022-11-27 17:38:17 [INFO] [0;32;1m[EaglerPluginInstaller][0;36;1m EaglerPluginInstaller V1.1.5 is now Enabled! :D[m
2022-11-27 17:38:17 [INFO] To use PluginInstaller, run the command "/install <pluginname>" ("install <pluginname>" in console) to install a plugin[m
2022-11-27 17:38:17 [INFO] To get a list of installable plugins, use the command "/plist" or "plist" in console[m
2022-11-27 17:38:17 [INFO] You can request to add a new plugin to the database by going to https://github.com/darverdevs/PluginInstallerRepo/tree/main[m
2022-11-27 17:38:17 [INFO] and creating an issue or pull request of the plugin you want to add[m
2022-11-27 17:38:17 [INFO] --------------------------------------------[m
2022-11-27 17:38:17 [INFO] --------------------------------------------[m
2022-11-27 17:38:17 [INFO] --------------------------------------------[m
2022-11-27 17:38:17 [INFO] --------------------------------------------[m
2022-11-27 17:38:17 [INFO] [0;32;1m[EaglerPluginUpdater][0;36;1m EaglerPluginUpdater V1.1.2 is now Enabled! :D[m
2022-11-27 17:38:17 [INFO] You do not need to do anything, this plugin will automatically update your PluginUpdater on startup[m
2022-11-27 17:38:17 [INFO] --------------------------------------------[m
2022-11-27 17:38:17 [INFO] --------------------------------------------[m
2022-11-27 17:38:17 [INFO] Server permissions file permissions.yml is empty, ignoring it
2022-11-27 17:38:17 [INFO] Done (10.759s)! For help, type "help" or "?"
2022-11-27 17:38:17 [INFO] Crash Loop Detector is Running! (30sec)
2022-11-27 17:38:17 [INFO] To increase, add "--crashTimeout [sec]" to the program's arguments
2022-11-27 17:38:21 [WARNING] Can't keep up! Did the system time change, or is the server overloaded?
2022-11-27 17:40:42 [INFO] [0;33;1m--------- [0;37;1mHelp: Index [0;33;1m---------------------------[m
2022-11-27 17:40:42 [INFO] [0;37;22mUse /help [n] to get page n of help.[m
2022-11-27 17:40:42 [INFO] [0;33;22mAliases: [0;37;1mLists command aliases[m
2022-11-27 17:40:42 [INFO] [0;33;22mAutoSaver: [0;37;1mAll commands for AutoSaver[m
2022-11-27 17:40:42 [INFO] [0;33;22mBukkit: [0;37;1mAll commands for Bukkit[m
2022-11-27 17:40:42 [INFO] [0;33;22mEaglerPluginInstaller: [0;37;1mAll commands for EaglerPluginInstaller[m
2022-11-27 17:40:42 [INFO] [0;33;22m/autosave: [0;37;1mSaves the server on specified intervals.[m
2022-11-27 17:40:42 [INFO] [0;33;22m/ban: [0;37;1mPrevents the specified player from using this server[m
2022-11-27 17:40:42 [INFO] [0;33;22m/ban-ip: [0;37;1mPrevents the specified IP address from using this server[m
2022-11-27 17:40:42 [INFO] [0;33;22m/banlist: [0;37;1mView all players banned from this server[m
2022-11-27 17:40:42 [INFO] [0;33;22m/clear: [0;37;1mClears the player's inventory. Can specify item and data filters too.[m
2022-11-27 17:40:42 [INFO] [0;33;22m/defaultgamemode: [0;37;1mSet the default gamemode[m
2022-11-27 17:40:42 [INFO] [0;33;22m/deop: [0;37;1mTakes the specified player's operator status[m
2022-11-27 17:40:42 [INFO] [0;33;22m/difficulty: [0;37;1mSets the game difficulty[m
2022-11-27 17:40:42 [INFO] [0;33;22m/eaglerplugininstaller:install: [0;37;1mInstalls the latest compatible version of the requested plugin[m
2022-11-27 17:40:42 [INFO] [0;33;22m/eaglerplugininstaller:plist: [0;37;1mGives you a list of available plugins with PluginInstaller[m
2022-11-27 17:40:42 [INFO] [0;33;22m/effect: [0;37;1mAdds/Removes effects on players[m
2022-11-27 17:40:42 [INFO] [0;33;22m/enchant: [0;37;1mAdds enchantments to the item the player is currently holding. Specify 0 for the level to remove an enchantment. Specify force to ignore normal enchantment restrictions[m
2022-11-27 17:40:42 [INFO] [0;33;22m/gamemode: [0;37;1mChanges the player to a specific game mode[m
2022-11-27 17:40:42 [INFO] [0;33;22m/gamerule: [0;37;1mSets a server's game rules[m
2022-11-27 17:40:42 [INFO] [0;33;22m/give: [0;37;1mGives the specified player a certain amount of items[m
2022-11-27 17:40:42 [INFO] [0;33;22m/help: [0;37;1mShows the help menu[m
2022-11-27 17:40:42 [INFO] [0;33;22m/install: [0;37;1mInstalls the latest compatible version of the requested plugin[m
2022-11-27 17:40:42 [INFO] [0;33;22m/kick: [0;37;1mRemoves the specified player from the server[m
2022-11-27 17:40:42 [INFO] [0;33;22m/kill: [0;37;1mCommits suicide, only usable as a player[m
2022-11-27 17:40:42 [INFO] [0;33;22m/list: [0;37;1mLists all online players[m
2022-11-27 17:40:42 [INFO] [0;33;22m/me: [0;37;1mPerforms the specified action in chat[m
2022-11-27 17:40:42 [INFO] [0;33;22m/op: [0;37;1mGives the specified player operator status[m
2022-11-27 17:40:42 [INFO] [0;33;22m/pardon: [0;37;1mAllows the specified player to use this server[m
2022-11-27 17:40:42 [INFO] [0;33;22m/pardon-ip: [0;37;1mAllows the specified IP address to use this server[m
2022-11-27 17:40:42 [INFO] [0;33;22m/plist: [0;37;1mGives you a list of available plugins with PluginInstaller[m
2022-11-27 17:40:42 [INFO] [0;33;22m/plugins: [0;37;1mGets a list of plugins running on the server[m
2022-11-27 17:40:42 [INFO] [0;33;22m/reload: [0;37;1mReloads the server configuration and plugins[m
2022-11-27 17:40:42 [INFO] [0;33;22m/save-all: [0;37;1mSaves the server to disk[m
2022-11-27 17:40:42 [INFO] [0;33;22m/save-off: [0;37;1mDisables server autosaving[m
2022-11-27 17:40:42 [INFO] [0;33;22m/save-on: [0;37;1mEnables server autosaving[m
2022-11-27 17:40:42 [INFO] [0;33;22m/say: [0;37;1mBroadcasts the given message as the console[m
2022-11-27 17:40:42 [INFO] [0;33;22m/scoreboard: [0;37;1mScoreboard control[m
2022-11-27 17:40:42 [INFO] [0;33;22m/seed: [0;37;1mShows the world seed[m
2022-11-27 17:40:42 [INFO] [0;33;22m/spawnpoint: [0;37;1mSets a player's spawn point[m
2022-11-27 17:40:42 [INFO] [0;33;22m/stop: [0;37;1mStops the server with optional reason[m
2022-11-27 17:40:42 [INFO] [0;33;22m/tell: [0;37;1mSends a private message to the given player[m
2022-11-27 17:40:42 [INFO] [0;33;22m/testfor: [0;37;1mTests whether a specifed player is online[m
2022-11-27 17:40:42 [INFO] [0;33;22m/time: [0;37;1mChanges the time on each world[m
2022-11-27 17:40:42 [INFO] [0;33;22m/timings: [0;37;1mRecords timings for all plugin events[m
2022-11-27 17:40:42 [INFO] [0;33;22m/toggledownfall: [0;37;1mToggles rain on/off on a given world[m
2022-11-27 17:40:42 [INFO] [0;33;22m/tp: [0;37;1mTeleports the given player (or yourself) to another player or coordinates[m
2022-11-27 17:40:42 [INFO] [0;33;22m/version: [0;37;1mGets the version of this server including any plugins in use[m
2022-11-27 17:40:42 [INFO] [0;33;22m/weather: [0;37;1mChanges the weather[m
2022-11-27 17:40:42 [INFO] [0;33;22m/whitelist: [0;37;1mManages the list of players allowed to use this server[m
2022-11-27 17:40:42 [INFO] [0;33;22m/xp: [0;37;1mGives the specified player a certain amount of experience. Specify <amount>L to give levels instead, with a negative amount resulting in taking levels.[m
2022-11-27 17:43:17 [INFO] [AutoSaver] [32m world and player data has been saved. [0m
2022-11-27 17:48:17 [INFO] [AutoSaver] [32m world and player data has been saved. [0m
2022-11-27 17:53:17 [INFO] [AutoSaver] [32m world and player data has been saved. [0m
2022-11-27 17:58:17 [INFO] [AutoSaver] [32m world and player data has been saved. [0m
2022-11-27 18:03:17 [INFO] [AutoSaver] [32m world and player data has been saved. [0m
2022-11-27 18:08:17 [INFO] [AutoSaver] [32m world and player data has been saved. [0m
2022-11-27 18:13:17 [INFO] [AutoSaver] [32m world and player data has been saved. [0m
2022-11-27 18:18:17 [INFO] [AutoSaver] [32m world and player data has been saved. [0m
2022-11-27 18:23:17 [INFO] [AutoSaver] [32m world and player data has been saved. [0m
2022-11-27 18:28:17 [INFO] [AutoSaver] [32m world and player data has been saved. [0m
2022-11-27 18:55:11 [INFO] Starting minecraft server version 1.5.2
2022-11-27 18:55:11 [WARNING] To start the server with more ram, launch it as "java -Xmx1024M -Xms1024M -jar minecraft_server.jar"
2022-11-27 18:55:11 [INFO] Loading properties
2022-11-27 18:55:11 [INFO] Default game type: SURVIVAL
2022-11-27 18:55:11 [INFO] Generating keypair
2022-11-27 18:55:13 [INFO] Starting Minecraft server on 127.0.0.1:25569
2022-11-27 18:55:15 [INFO] This server is running CraftBukkit version git-Bukkit-1.5.2-R1.0-b2788jnks (MC: 1.5.2) (Implementing API version 1.5.2-R1.0)
2022-11-27 18:55:16 [INFO] [[EaglerPluginInstaller]] Loading EaglerPluginInstaller v1.1.4
2022-11-27 18:55:16 [INFO] [AutoSaver] Loading AutoSaver v2.5
2022-11-27 18:55:16 [INFO] [[EaglerPluginUpdater]] Loading EaglerPluginUpdater v1.1.2
2022-11-27 18:55:16 [WARNING] **** SERVER IS RUNNING IN OFFLINE/INSECURE MODE!
2022-11-27 18:55:16 [WARNING] The server will make no attempt to authenticate usernames. Beware.
2022-11-27 18:55:16 [WARNING] While this makes the game possible to play without internet access, it also opens up the ability for hackers to connect with any username they choose.
2022-11-27 18:55:16 [WARNING] To change this, set "online-mode" to "true" in the server.properties file.
2022-11-27 18:55:16 [SEVERE] Exception in thread "Thread-6" 
2022-11-27 18:55:16 [SEVERE] org.bukkit.craftbukkit.libs.com.google.gson.JsonSyntaxException: java.lang.IllegalStateException: Expected BEGIN_OBJECT but was STRING at line 1 column 7
2022-11-27 18:55:16 [SEVERE] 	at org.bukkit.craftbukkit.libs.com.google.gson.internal.bind.ReflectiveTypeAdapterFactory$Adapter.read(ReflectiveTypeAdapterFactory.java:180)
2022-11-27 18:55:16 [SEVERE] 	at org.bukkit.craftbukkit.libs.com.google.gson.Gson.fromJson(Gson.java:755)
2022-11-27 18:55:16 [SEVERE] 	at org.bukkit.craftbukkit.libs.com.google.gson.Gson.fromJson(Gson.java:694)
2022-11-27 18:55:16 [SEVERE] 	at org.bukkit.craftbukkit.v1_5_R3.updater.BukkitDLUpdaterService.fetchArtifact(BukkitDLUpdaterService.java:51)
2022-11-27 18:55:16 [SEVERE] 	at org.bukkit.craftbukkit.v1_5_R3.updater.BukkitDLUpdaterService.getArtifact(BukkitDLUpdaterService.java:28)
2022-11-27 18:55:16 [SEVERE] 	at org.bukkit.craftbukkit.v1_5_R3.updater.AutoUpdater$1.run(AutoUpdater.java:77)
2022-11-27 18:55:16 [SEVERE] Caused by: java.lang.IllegalStateException: Expected BEGIN_OBJECT but was STRING at line 1 column 7
2022-11-27 18:55:16 [SEVERE] 	at org.bukkit.craftbukkit.libs.com.google.gson.stream.JsonReader.expect(JsonReader.java:339)
2022-11-27 18:55:16 [SEVERE] 	at org.bukkit.craftbukkit.libs.com.google.gson.stream.JsonReader.beginObject(JsonReader.java:322)
2022-11-27 18:55:16 [SEVERE] 	at org.bukkit.craftbukkit.libs.com.google.gson.internal.bind.ReflectiveTypeAdapterFactory$Adapter.read(ReflectiveTypeAdapterFactory.java:168)
2022-11-27 18:55:16 [SEVERE] 	... 5 more
2022-11-27 18:55:16 [INFO] Preparing level "world"
2022-11-27 18:55:17 [INFO] Preparing start region for level 0 (Seed: -7569906358115633324)
2022-11-27 18:55:18 [INFO] Preparing spawn area: 8%
2022-11-27 18:55:19 [INFO] Preparing spawn area: 45%
2022-11-27 18:55:20 [INFO] Preparing spawn area: 95%
2022-11-27 18:55:20 [INFO] Preparing start region for level 1 (Seed: -7569906358115633324)
2022-11-27 18:55:21 [INFO] Preparing spawn area: 70%
2022-11-27 18:55:21 [INFO] Preparing start region for level 2 (Seed: -7569906358115633324)
2022-11-27 18:55:22 [INFO] [[EaglerPluginInstaller]] Enabling EaglerPluginInstaller v1.1.4
2022-11-27 18:55:22 [INFO] Check 1 passed
2022-11-27 18:55:24 [INFO] Check 3 passed
2022-11-27 18:55:24 [INFO] --------------------------------------------[m
2022-11-27 18:55:24 [INFO] --------------------------------------------[m
2022-11-27 18:55:24 [INFO] [0;32;1m[EaglerPluginInstaller][0;36;1m EaglerPluginInstaller V1.1.5 is now Enabled! :D[m
2022-11-27 18:55:24 [INFO] To use PluginInstaller, run the command "/install <pluginname>" ("install <pluginname>" in console) to install a plugin[m
2022-11-27 18:55:24 [INFO] To get a list of installable plugins, use the command "/plist" or "plist" in console[m
2022-11-27 18:55:24 [INFO] You can request to add a new plugin to the database by going to https://github.com/darverdevs/PluginInstallerRepo/tree/main[m
2022-11-27 18:55:24 [INFO] and creating an issue or pull request of the plugin you want to add[m
2022-11-27 18:55:24 [INFO] --------------------------------------------[m
2022-11-27 18:55:24 [INFO] --------------------------------------------[m
2022-11-27 18:55:24 [INFO] [AutoSaver] Enabling AutoSaver v2.5
2022-11-27 18:55:24 [INFO] [AutoSaver] [32m is enabled. [0m
2022-11-27 18:55:24 [INFO] [[EaglerPluginUpdater]] Enabling EaglerPluginUpdater v1.1.2
2022-11-27 18:55:24 [INFO] [[EaglerPluginInstaller]] Disabling EaglerPluginInstaller v1.1.4
2022-11-27 18:55:24 [INFO] --------------------------------------------[m
2022-11-27 18:55:24 [INFO] --------------------------------------------[m
2022-11-27 18:55:24 [INFO] [0;32;1m[EaglerPluginInstaller][0;36;1m PluginInstaller V1.1.5 is now Disabled! D:[m
2022-11-27 18:55:24 [INFO] --------------------------------------------[m
2022-11-27 18:55:24 [INFO] --------------------------------------------[m
2022-11-27 18:55:24 [INFO] [[EaglerPluginInstaller]] Enabling EaglerPluginInstaller v1.1.4
2022-11-27 18:55:24 [INFO] Check 1 passed
2022-11-27 18:55:24 [INFO] Check 3 passed
2022-11-27 18:55:24 [INFO] --------------------------------------------[m
2022-11-27 18:55:24 [INFO] --------------------------------------------[m
2022-11-27 18:55:24 [INFO] [0;32;1m[EaglerPluginInstaller][0;36;1m EaglerPluginInstaller V1.1.5 is now Enabled! :D[m
2022-11-27 18:55:24 [INFO] To use PluginInstaller, run the command "/install <pluginname>" ("install <pluginname>" in console) to install a plugin[m
2022-11-27 18:55:24 [INFO] To get a list of installable plugins, use the command "/plist" or "plist" in console[m
2022-11-27 18:55:24 [INFO] You can request to add a new plugin to the database by going to https://github.com/darverdevs/PluginInstallerRepo/tree/main[m
2022-11-27 18:55:24 [INFO] and creating an issue or pull request of the plugin you want to add[m
2022-11-27 18:55:24 [INFO] --------------------------------------------[m
2022-11-27 18:55:24 [INFO] --------------------------------------------[m
2022-11-27 18:55:24 [INFO] --------------------------------------------[m
2022-11-27 18:55:24 [INFO] --------------------------------------------[m
2022-11-27 18:55:24 [INFO] [0;32;1m[EaglerPluginUpdater][0;36;1m EaglerPluginUpdater V1.1.2 is now Enabled! :D[m
2022-11-27 18:55:24 [INFO] You do not need to do anything, this plugin will automatically update your PluginUpdater on startup[m
2022-11-27 18:55:24 [INFO] --------------------------------------------[m
2022-11-27 18:55:24 [INFO] --------------------------------------------[m
2022-11-27 18:55:24 [INFO] Server permissions file permissions.yml is empty, ignoring it
2022-11-27 18:55:25 [INFO] Done (8.412s)! For help, type "help" or "?"
2022-11-27 18:55:25 [INFO] Crash Loop Detector is Running! (30sec)
2022-11-27 18:55:25 [INFO] To increase, add "--crashTimeout [sec]" to the program's arguments
2022-11-27 18:55:47 [INFO] Unknown command. Type "help" for help.[m
2022-11-27 19:00:25 [INFO] [AutoSaver] [32m world and player data has been saved. [0m
2022-11-27 19:03:06 [INFO] Stopping server
2022-11-27 19:03:13 [INFO] Starting minecraft server version 1.5.2
2022-11-27 19:03:13 [WARNING] To start the server with more ram, launch it as "java -Xmx1024M -Xms1024M -jar minecraft_server.jar"
2022-11-27 19:03:13 [INFO] Loading properties
2022-11-27 19:03:13 [INFO] Default game type: SURVIVAL
2022-11-27 19:03:13 [INFO] Generating keypair
2022-11-27 19:03:15 [INFO] Starting Minecraft server on 127.0.0.1:25569
2022-11-27 19:03:16 [INFO] This server is running CraftBukkit version git-Bukkit-1.5.2-R1.0-b2788jnks (MC: 1.5.2) (Implementing API version 1.5.2-R1.0)
2022-11-27 19:03:18 [INFO] [[EaglerPluginInstaller]] Loading EaglerPluginInstaller v1.1.4
2022-11-27 19:03:18 [INFO] [AutoSaver] Loading AutoSaver v2.5
2022-11-27 19:03:18 [INFO] [WorldEdit] Loading WorldEdit v5.5.6
2022-11-27 19:03:18 [INFO] [[EaglerPluginUpdater]] Loading EaglerPluginUpdater v1.1.2
2022-11-27 19:03:18 [WARNING] **** SERVER IS RUNNING IN OFFLINE/INSECURE MODE!
2022-11-27 19:03:18 [WARNING] The server will make no attempt to authenticate usernames. Beware.
2022-11-27 19:03:18 [WARNING] While this makes the game possible to play without internet access, it also opens up the ability for hackers to connect with any username they choose.
2022-11-27 19:03:18 [WARNING] To change this, set "online-mode" to "true" in the server.properties file.
2022-11-27 19:03:18 [SEVERE] Exception in thread "Thread-6" 
2022-11-27 19:03:18 [SEVERE] org.bukkit.craftbukkit.libs.com.google.gson.JsonSyntaxException: java.lang.IllegalStateException: Expected BEGIN_OBJECT but was STRING at line 1 column 7
2022-11-27 19:03:18 [SEVERE] 	at org.bukkit.craftbukkit.libs.com.google.gson.internal.bind.ReflectiveTypeAdapterFactory$Adapter.read(ReflectiveTypeAdapterFactory.java:180)
2022-11-27 19:03:18 [SEVERE] 	at org.bukkit.craftbukkit.libs.com.google.gson.Gson.fromJson(Gson.java:755)
2022-11-27 19:03:18 [SEVERE] 	at org.bukkit.craftbukkit.libs.com.google.gson.Gson.fromJson(Gson.java:694)
2022-11-27 19:03:18 [SEVERE] 	at org.bukkit.craftbukkit.v1_5_R3.updater.BukkitDLUpdaterService.fetchArtifact(BukkitDLUpdaterService.java:51)
2022-11-27 19:03:18 [SEVERE] 	at org.bukkit.craftbukkit.v1_5_R3.updater.BukkitDLUpdaterService.getArtifact(BukkitDLUpdaterService.java:28)
2022-11-27 19:03:18 [SEVERE] 	at org.bukkit.craftbukkit.v1_5_R3.updater.AutoUpdater$1.run(AutoUpdater.java:77)
2022-11-27 19:03:18 [SEVERE] Caused by: java.lang.IllegalStateException: Expected BEGIN_OBJECT but was STRING at line 1 column 7
2022-11-27 19:03:18 [SEVERE] 	at org.bukkit.craftbukkit.libs.com.google.gson.stream.JsonReader.expect(JsonReader.java:339)
2022-11-27 19:03:18 [SEVERE] 	at org.bukkit.craftbukkit.libs.com.google.gson.stream.JsonReader.beginObject(JsonReader.java:322)
2022-11-27 19:03:18 [SEVERE] 	at org.bukkit.craftbukkit.libs.com.google.gson.internal.bind.ReflectiveTypeAdapterFactory$Adapter.read(ReflectiveTypeAdapterFactory.java:168)
2022-11-27 19:03:18 [SEVERE] 	... 5 more
2022-11-27 19:03:19 [INFO] Preparing level "world"
2022-11-27 19:03:19 [INFO] Preparing start region for level 0 (Seed: -7569906358115633324)
2022-11-27 19:03:20 [INFO] Preparing spawn area: 16%
2022-11-27 19:03:21 [INFO] Preparing spawn area: 62%
2022-11-27 19:03:22 [INFO] Preparing start region for level 1 (Seed: -7569906358115633324)
2022-11-27 19:03:22 [INFO] Preparing spawn area: 12%
2022-11-27 19:03:23 [INFO] Preparing spawn area: 99%
2022-11-27 19:03:23 [INFO] Preparing start region for level 2 (Seed: -7569906358115633324)
2022-11-27 19:03:24 [INFO] [[EaglerPluginInstaller]] Enabling EaglerPluginInstaller v1.1.4
2022-11-27 19:03:24 [INFO] Check 1 passed
2022-11-27 19:03:26 [INFO] Check 3 passed
2022-11-27 19:03:26 [INFO] --------------------------------------------[m
2022-11-27 19:03:26 [INFO] --------------------------------------------[m
2022-11-27 19:03:26 [INFO] [0;32;1m[EaglerPluginInstaller][0;36;1m EaglerPluginInstaller V1.1.5 is now Enabled! :D[m
2022-11-27 19:03:26 [INFO] To use PluginInstaller, run the command "/install <pluginname>" ("install <pluginname>" in console) to install a plugin[m
2022-11-27 19:03:26 [INFO] To get a list of installable plugins, use the command "/plist" or "plist" in console[m
2022-11-27 19:03:26 [INFO] You can request to add a new plugin to the database by going to https://github.com/darverdevs/PluginInstallerRepo/tree/main[m
2022-11-27 19:03:26 [INFO] and creating an issue or pull request of the plugin you want to add[m
2022-11-27 19:03:26 [INFO] --------------------------------------------[m
2022-11-27 19:03:26 [INFO] --------------------------------------------[m
2022-11-27 19:03:26 [INFO] [AutoSaver] Enabling AutoSaver v2.5
2022-11-27 19:03:26 [INFO] [AutoSaver] [32m is enabled. [0m
2022-11-27 19:03:26 [INFO] [WorldEdit] Enabling WorldEdit v5.5.6
2022-11-27 19:03:26 [INFO] [WorldEdit] Default configuration file written: config.yml
2022-11-27 19:03:26 [INFO] WEPIF: Updated config file
2022-11-27 19:03:26 [INFO] WEPIF: Using the Bukkit Permissions API.
2022-11-27 19:03:27 [INFO] [[EaglerPluginUpdater]] Enabling EaglerPluginUpdater v1.1.2
2022-11-27 19:03:27 [INFO] [[EaglerPluginInstaller]] Disabling EaglerPluginInstaller v1.1.4
2022-11-27 19:03:27 [INFO] --------------------------------------------[m
2022-11-27 19:03:27 [INFO] --------------------------------------------[m
2022-11-27 19:03:27 [INFO] [0;32;1m[EaglerPluginInstaller][0;36;1m PluginInstaller V1.1.5 is now Disabled! D:[m
2022-11-27 19:03:27 [INFO] --------------------------------------------[m
2022-11-27 19:03:27 [INFO] --------------------------------------------[m
2022-11-27 19:03:27 [INFO] [[EaglerPluginInstaller]] Enabling EaglerPluginInstaller v1.1.4
2022-11-27 19:03:27 [INFO] Check 1 passed
2022-11-27 19:03:27 [INFO] Check 3 passed
2022-11-27 19:03:27 [INFO] --------------------------------------------[m
2022-11-27 19:03:27 [INFO] --------------------------------------------[m
2022-11-27 19:03:27 [INFO] [0;32;1m[EaglerPluginInstaller][0;36;1m EaglerPluginInstaller V1.1.5 is now Enabled! :D[m
2022-11-27 19:03:27 [INFO] To use PluginInstaller, run the command "/install <pluginname>" ("install <pluginname>" in console) to install a plugin[m
2022-11-27 19:03:27 [INFO] To get a list of installable plugins, use the command "/plist" or "plist" in console[m
2022-11-27 19:03:27 [INFO] You can request to add a new plugin to the database by going to https://github.com/darverdevs/PluginInstallerRepo/tree/main[m
2022-11-27 19:03:27 [INFO] and creating an issue or pull request of the plugin you want to add[m
2022-11-27 19:03:27 [INFO] --------------------------------------------[m
2022-11-27 19:03:27 [INFO] --------------------------------------------[m
2022-11-27 19:03:27 [INFO] --------------------------------------------[m
2022-11-27 19:03:27 [INFO] --------------------------------------------[m
2022-11-27 19:03:27 [INFO] [0;32;1m[EaglerPluginUpdater][0;36;1m EaglerPluginUpdater V1.1.2 is now Enabled! :D[m
2022-11-27 19:03:27 [INFO] You do not need to do anything, this plugin will automatically update your PluginUpdater on startup[m
2022-11-27 19:03:27 [INFO] --------------------------------------------[m
2022-11-27 19:03:27 [INFO] --------------------------------------------[m
2022-11-27 19:03:27 [INFO] Server permissions file permissions.yml is empty, ignoring it
2022-11-27 19:03:27 [INFO] Done (9.207s)! For help, type "help" or "?"
2022-11-27 19:03:27 [INFO] Crash Loop Detector is Running! (30sec)
2022-11-27 19:03:27 [INFO] To increase, add "--crashTimeout [sec]" to the program's arguments
2022-11-27 19:08:27 [INFO] [AutoSaver] [32m world and player data has been saved. [0m
2022-11-27 19:13:27 [INFO] [AutoSaver] [32m world and player data has been saved. [0m
2022-11-27 19:14:44 [INFO] Stopping server
2022-11-27 19:14:44 [INFO] [[EaglerPluginUpdater]] Disabling EaglerPluginUpdater v1.1.2
2022-11-27 19:14:44 [INFO] --------------------------------------------[m
2022-11-27 19:14:44 [INFO] --------------------------------------------[m
2022-11-27 19:14:44 [INFO] [0;32;1m[EaglerPluginUpdater][0;36;1m EaglerPluginUpdater V1.1.2 is now Disabled! D:[m
2022-11-27 19:14:44 [INFO] --------------------------------------------[m
2022-11-27 19:14:44 [INFO] --------------------------------------------[m
2022-11-27 19:14:44 [INFO] [WorldEdit] Disabling WorldEdit v5.5.6
2022-11-27 19:14:44 [INFO] [AutoSaver] Disabling AutoSaver v2.5
2022-11-27 19:14:44 [INFO] [[EaglerPluginInstaller]] Disabling EaglerPluginInstaller v1.1.4
2022-11-27 19:14:44 [INFO] --------------------------------------------[m
2022-11-27 19:14:44 [INFO] --------------------------------------------[m
2022-11-27 19:14:44 [INFO] [0;32;1m[EaglerPluginInstaller][0;36;1m PluginInstaller V1.1.5 is now Disabled! D:[m
2022-11-27 19:14:44 [INFO] --------------------------------------------[m
2022-11-27 19:14:44 [INFO] --------------------------------------------[m
2022-11-27 19:14:44 [WARNING] DSCT: Socket closed
2022-11-27 19:14:44 [INFO] Closing listening thread
2022-11-27 19:14:44 [INFO] Saving players
2022-11-27 19:14:44 [INFO] Saving worlds
2022-11-27 19:14:44 [INFO] Saving chunks for level 'world'/Overworld
