#
# A fatal error has been detected by the Java Runtime Environment:
#
#  SIGBUS (0x7) at pc=0x00007f9413cde256, pid=4206, tid=0x00007f941374d640
#
# JRE version: OpenJDK Runtime Environment (8.0_302-b07) (build 1.8.0_302-b07)
# Java VM: OpenJDK 64-Bit Server VM GraalVM CE 21.2.0 (25.302-b07-jvmci-21.2-b08 mixed mode linux-amd64 compressed oops)
# Problematic frame:
# V  [libjvm.so+0x44f256]  ClassFileParser::parse_method(bool, AccessFlags*, Thread*)+0x7e6
#
# Core dump written. Default location: /home/runner/eaglercraft-server/java/bungee_command/core or core.4206
#
# If you would like to submit a bug report, please visit:
#   https://github.com/oracle/graal/issues
#

---------------  T H R E A D  ---------------

Current thread (0x00007f940c00a800):  JavaThread "main" [_thread_in_vm, id=4213, stack(0x00007f941364e000,0x00007f941374e000)]

siginfo: si_signo: 7 (SIGBUS), si_code: 2 (BUS_ADRERR), si_addr: 0x00007f94131e49b8

Registers:
RAX=0x0000000000000058, RBX=0x00007f93d1b33858, RCX=0x000000000000000b, RDX=0x00007f94131e49b8
RSP=0x00007f941374ae00, RBP=0x00007f941374b040, RSI=0x00007f93d1b337e8, RDI=0x00007f93d1b33858
R8 =0x00007f940c00a800, R9 =0x00007f940c00a800, R10=0x00007f93d1b337e8, R11=0x0000000000000081
R12=0x000000000000000b, R13=0x00007f941374b590, R14=0x00007f940c00a800, R15=0x00007f941374b090
RIP=0x00007f9413cde256, EFLAGS=0x0000000000010202, CSGSFS=0x002b000000000033, ERR=0x0000000000000007
  TRAPNO=0x000000000000000e

Top of Stack: (sp=0x00007f941374ae00)
0x00007f941374ae00:   00007f941374aec0 00007f940c00a800
0x00007f941374ae10:   0081000000000000 00007f941374af44
0x00007f941374ae20:   00007f941374af54 0000000000000000
0x00007f941374ae30:   0000000000000000 0000000000000000
0x00007f941374ae40:   0000000000000000 0000000000000000
0x00007f941374ae50:   0000000000000000 0000000000870000
0x00007f941374ae60:   0000000000000000 0000000000000000
0x00007f941374ae70:   0000000000000000 0000000000000000
0x00007f941374ae80:   0000000000000000 0000000000000000
0x00007f941374ae90:   0000000000000410 0000000000000000
0x00007f941374aea0:   0000000801000090 0000000000000000
0x00007f941374aeb0:   00007f94123f8810 00007f940c021b30
0x00007f941374aec0:   00007f941374af10 ffffffff00000003
0x00007f941374aed0:   00007f941374af48 00007f93e014a5d9
0x00007f941374aee0:   0100000001000000 000000000000000d
0x00007f941374aef0:   00007f940c00a800 00007f940c021ad0
0x00007f941374af00:   0003008200000000 00007f941499b000
0x00007f941374af10:   0000000200000000 00007f9400000081
0x00007f941374af20:   00007f94123f8800 0000000100000030
0x00007f941374af30:   00007f941374b1e4 00007f9400000000
0x00007f941374af40:   000000090000002a 00007f93e014aee0
0x00007f941374af50:   000000010c00a800 0000000000000000
0x00007f941374af60:   0000000000000000 0000000000000000
0x00007f941374af70:   0000002a1374afd0 0000000000000038
0x00007f941374af80:   00007f940c00c590 00007f93e01488c0
0x00007f941374af90:   00007f93e014aee0 00007f93e01508a8
0x00007f941374afa0:   00000000000083b0 00007f9414211589
0x00007f941374afb0:   00007f941374b00a 00007f941374b009
0x00007f941374afc0:   000001781374b000 0000000000000010
0x00007f941374afd0:   00007f940c00a800 00007f940c021ad0
0x00007f941374afe0:   0000000b00000000 0000000000000000
0x00007f941374aff0:   0000008700000000 0000000000000000 

Instructions: (pc=0x00007f9413cde256)
0x00007f9413cde236:   00 44 8b 9d d8 fe ff ff c1 e0 03 80 3a 00 74 13
0x00007f9413cde246:   48 8b 15 f3 fa c7 00 48 98 48 8b 12 48 8b 52 28
0x00007f9413cde256:   48 01 02 49 8b 55 50 48 8b 43 08 0f b7 bd c4 fe
0x00007f9413cde266:   ff ff 48 89 50 08 48 8b 43 08 66 44 89 58 22 48 

Register to memory mapping:

RAX=0x0000000000000058 is an unknown value
RBX={method} {0x00007f93d1b33858} 